Using pre-set license
Built from '2022.1/staging' branch; Version is '2022.1.16f1 (7321c9670bc2) revision 7545289'; Using compiler version '192829333'; Build Type 'Release'
OS: 'Windows 11  (10.0.22621) 64bit Core' Language: 'en' Physical Memory: 8117 MB
BatchMode: 1, IsHumanControllingUs: 0, StartBugReporterOnCrash: 0, Is64bit: 1, IsPro: 1

COMMAND LINE ARGUMENTS:
C:\Program Files\Unity\Hub\Editor\2022.1.16f1\Editor\Unity.exe
-adb2
-batchMode
-noUpm
-name
AssetImportWorker0
-projectPath
C:/UnityProjects/Pirate Vr Game/VR-Pirate/Pirate VR
-logFile
Logs/AssetImportWorker0.log
-srvPort
52191
Successfully changed project path to: C:/UnityProjects/Pirate Vr Game/VR-Pirate/Pirate VR
C:/UnityProjects/Pirate Vr Game/VR-Pirate/Pirate VR
[UnityMemory] Configuration Parameters - Can be set up in boot.config
    "memorysetup-bucket-allocator-granularity=16"
    "memorysetup-bucket-allocator-bucket-count=8"
    "memorysetup-bucket-allocator-block-size=33554432"
    "memorysetup-bucket-allocator-block-count=8"
    "memorysetup-main-allocator-block-size=16777216"
    "memorysetup-thread-allocator-block-size=16777216"
    "memorysetup-gfx-main-allocator-block-size=16777216"
    "memorysetup-gfx-thread-allocator-block-size=16777216"
    "memorysetup-cache-allocator-block-size=4194304"
    "memorysetup-typetree-allocator-block-size=2097152"
    "memorysetup-profiler-bucket-allocator-granularity=16"
    "memorysetup-profiler-bucket-allocator-bucket-count=8"
    "memorysetup-profiler-bucket-allocator-block-size=33554432"
    "memorysetup-profiler-bucket-allocator-block-count=8"
    "memorysetup-profiler-allocator-block-size=16777216"
    "memorysetup-profiler-editor-allocator-block-size=1048576"
    "memorysetup-temp-allocator-size-main=16777216"
    "memorysetup-job-temp-allocator-block-size=2097152"
    "memorysetup-job-temp-allocator-block-size-background=1048576"
    "memorysetup-job-temp-allocator-reduction-small-platforms=262144"
    "memorysetup-temp-allocator-size-background-worker=32768"
    "memorysetup-temp-allocator-size-job-worker=262144"
    "memorysetup-temp-allocator-size-preload-manager=33554432"
    "memorysetup-temp-allocator-size-nav-mesh-worker=65536"
    "memorysetup-temp-allocator-size-audio-worker=65536"
    "memorysetup-temp-allocator-size-cloud-worker=32768"
    "memorysetup-temp-allocator-size-gi-baking-worker=262144"
    "memorysetup-temp-allocator-size-gfx=262144"
Refreshing native plugins compatible for Editor in 154.81 ms, found 8 plugins.
Preloading 0 native plugins for Editor in 0.00 ms.
Initialize engine version: 2022.1.16f1 (7321c9670bc2)
[Subsystems] Discovering subsystems at path C:/Program Files/Unity/Hub/Editor/2022.1.16f1/Editor/Data/Resources/UnitySubsystems
[Subsystems] Discovering subsystems at path C:/UnityProjects/Pirate Vr Game/VR-Pirate/Pirate VR/Assets
GfxDevice: creating device client; threaded=0; jobified=0
Direct3D:
    Version:  Direct3D 11.0 [level 11.1]
    Renderer: NVIDIA GeForce GTX 1060 3GB (ID=0x1c02)
    Vendor:   NVIDIA
    VRAM:     2979 MB
    Driver:   31.0.15.2802
Initialize mono
Mono path[0] = 'C:/Program Files/Unity/Hub/Editor/2022.1.16f1/Editor/Data/Managed'
Mono path[1] = 'C:/Program Files/Unity/Hub/Editor/2022.1.16f1/Editor/Data/MonoBleedingEdge/lib/mono/unityjit-win32'
Mono config path = 'C:/Program Files/Unity/Hub/Editor/2022.1.16f1/Editor/Data/MonoBleedingEdge/etc'
Using monoOptions --debugger-agent=transport=dt_socket,embedding=1,server=y,suspend=n,address=127.0.0.1:56600
Begin MonoManager ReloadAssembly
Registering precompiled unity dll's ...
Register platform support module: C:/Program Files/Unity/Hub/Editor/2022.1.16f1/Editor/Data/PlaybackEngines/AndroidPlayer/UnityEditor.Android.Extensions.dll
Register platform support module: C:/Program Files/Unity/Hub/Editor/2022.1.16f1/Editor/Data/PlaybackEngines/iOSSupport/UnityEditor.iOS.Extensions.dll
Register platform support module: C:/Program Files/Unity/Hub/Editor/2022.1.16f1/Editor/Data/PlaybackEngines/WindowsStandaloneSupport/UnityEditor.WindowsStandalone.Extensions.dll
Register platform support module: C:/Program Files/Unity/Hub/Editor/2022.1.16f1/Editor/Data/PlaybackEngines/MetroSupport/UnityEditor.UWP.Extensions.dll
Registered in 0.011692 seconds.
Native extension for UWP target not found
Native extension for WindowsStandalone target not found
[usbmuxd] Start listen thread
[usbmuxd] Listen thread started
[usbmuxd] Send listen message
Native extension for iOS target not found
Native extension for Android target not found
Refreshing native plugins compatible for Editor in 158.52 ms, found 8 plugins.
Preloading 0 native plugins for Editor in 0.00 ms.
Mono: successfully reloaded assembly
- Completed reload, in  1.006 seconds
Domain Reload Profiling:
	ReloadAssembly (1007ms)
		BeginReloadAssembly (143ms)
			ExecutionOrderSort (0ms)
			DisableScriptedObjects (0ms)
			BackupInstance (0ms)
			ReleaseScriptingObjects (0ms)
			CreateAndSetChildDomain (1ms)
		EndReloadAssembly (715ms)
			LoadAssemblies (142ms)
			RebuildTransferFunctionScriptingTraits (0ms)
			SetupTypeCache (144ms)
				TypeCache.Initialize (143ms)
					TypeCache.ScanAssembly (142ms)
				ResolveRequiredComponents (1ms)
			ReleaseScriptCaches (0ms)
			RebuildScriptCaches (45ms)
			SetupLoadedEditorAssemblies (459ms)
				LogAssemblyErrors (0ms)
				InitializePlatformSupportModulesInManaged (73ms)
				SetLoadedEditorAssemblies (12ms)
				RefreshPlugins (159ms)
				BeforeProcessingInitializeOnLoad (2ms)
				ProcessInitializeOnLoadAttributes (146ms)
				ProcessInitializeOnLoadMethodAttributes (67ms)
				AfterProcessingInitializeOnLoad (0ms)
				EditorAssembliesLoaded (0ms)
			ExecutionOrderSort2 (0ms)
			AwakeInstancesAfterBackupRestoration (0ms)
Platform modules already initialized, skipping
Registering precompiled user dll's ...
Registered in 0.014832 seconds.
Begin MonoManager ReloadAssembly
Symbol file LoadedFromMemory doesn't match image C:\UnityProjects\Pirate Vr Game\VR-Pirate\Pirate VR\Library\PackageCache\com.unity.visualscripting@1.7.8\Editor\VisualScripting.Core\Dependencies\DotNetZip\Unity.VisualScripting.IonicZip.dll
Symbol file LoadedFromMemory doesn't match image C:\UnityProjects\Pirate Vr Game\VR-Pirate\Pirate VR\Library\PackageCache\com.unity.visualscripting@1.7.8\Editor\VisualScripting.Core\Dependencies\YamlDotNet\Unity.VisualScripting.YamlDotNet.dll
Native extension for UWP target not found
Native extension for WindowsStandalone target not found
Native extension for iOS target not found
Native extension for Android target not found
Refreshing native plugins compatible for Editor in 135.93 ms, found 8 plugins.
Preloading 0 native plugins for Editor in 0.00 ms.
Package Manager log level set to [2]
[Package Manager] Server::EnsureServerProcessIsRunning -- launch failed, reason: Unity was launched with the -noUpm command-line argument
[Package Manager] UpmClient::Send -- Unable to send message (not connected to UPM process).
[Package Manager] Cannot connect to Unity Package Manager local server
Mono: successfully reloaded assembly
[Package Manager] Server::EnsureServerProcessIsRunning -- launch failed, reason: Unity was launched with the -noUpm command-line argument
[Package Manager] UpmClient::Send -- Unable to send message (not connected to UPM process).
[Package Manager] Cannot connect to Unity Package Manager local server
[Package Manager] Server::EnsureServerProcessIsRunning -- launch failed, reason: Unity was launched with the -noUpm command-line argument
[Package Manager] UpmClient::Send -- Unable to send message (not connected to UPM process).
[Package Manager] Cannot connect to Unity Package Manager local server
- Completed reload, in  2.208 seconds
Domain Reload Profiling:
	ReloadAssembly (2209ms)
		BeginReloadAssembly (303ms)
			ExecutionOrderSort (0ms)
			DisableScriptedObjects (7ms)
			BackupInstance (0ms)
			ReleaseScriptingObjects (0ms)
			CreateAndSetChildDomain (137ms)
		EndReloadAssembly (1740ms)
			LoadAssemblies (215ms)
			RebuildTransferFunctionScriptingTraits (0ms)
			SetupTypeCache (412ms)
				TypeCache.Initialize (393ms)
					TypeCache.ScanAssembly (385ms)
				ResolveRequiredComponents (19ms)
			ReleaseScriptCaches (1ms)
			RebuildScriptCaches (83ms)
			SetupLoadedEditorAssemblies (954ms)
				LogAssemblyErrors (0ms)
				InitializePlatformSupportModulesInManaged (30ms)
				SetLoadedEditorAssemblies (6ms)
				RefreshPlugins (136ms)
				BeforeProcessingInitializeOnLoad (178ms)
				ProcessInitializeOnLoadAttributes (474ms)
				ProcessInitializeOnLoadMethodAttributes (121ms)
				AfterProcessingInitializeOnLoad (8ms)
				EditorAssembliesLoaded (0ms)
			ExecutionOrderSort2 (0ms)
			AwakeInstancesAfterBackupRestoration (8ms)
Platform modules already initialized, skipping
========================================================================
Worker process is ready to serve import requests
Launched and connected shader compiler UnityShaderCompiler.exe after 0.07 seconds
Refreshing native plugins compatible for Editor in 9.34 ms, found 8 plugins.
Preloading 0 native plugins for Editor in 0.00 ms.
Unloading 5855 Unused Serialized files (Serialized files now loaded: 0)
Unloading 52 unused Assets / (351.7 KB). Loaded Objects now: 6299.
Memory consumption went from 0.91 GB to 0.91 GB.
Total: 7.768100 ms (FindLiveObjects: 1.008900 ms CreateObjectMapping: 0.940900 ms MarkObjects: 5.349700 ms  DeleteObjects: 0.466900 ms)

AssetImportParameters requested are different than current active one (requested -> active):
  custom:video-decoder-ogg-theora: a1e56fd34408186e4bbccfd4996cb3dc -> 
  custom:container-muxer-webm: aa71ff27fc2769a1b78a27578f13a17b -> 
  custom:container-demuxer-webm: 4f35f7cbe854078d1ac9338744f61a02 -> 
  custom:video-encoder-webm-vp8: eb34c28f22e8b96e1ab97ce403110664 -> 
  custom:audio-encoder-webm-vorbis: bf7c407c2cedff20999df2af8eb42d56 -> 
  custom:framework-win-MediaFoundation: 216162199b28c13a410421893ffa2e32 -> 
  custom:container-demuxer-ogg: 62fdf1f143b41e24485cea50d1cbac27 -> 
  custom:video-decoder-webm-vp8: 9c59270c3fd7afecdb556c50c9e8de78 -> 
  custom:audio-decoder-ogg-vorbis: bf7c407c2cedff20999df2af8eb42d56 -> 
========================================================================
Received Import Request.
  Time since last request: 597796.326757 seconds.
  path: Assets/PirateShip.fbx
  artifactKey: Guid(3ec7c7b175c62d74eb9a977bad463bbd) Importer(815301076,1909f56bfc062723c751e8b465ee728b)
Start importing Assets/PirateShip.fbx using Guid(3ec7c7b175c62d74eb9a977bad463bbd) Importer(815301076,1909f56bfc062723c751e8b465ee728b)  -> (artifact id: 'e6ea361767297eb12e612f12db24beb8') in 0.560322 seconds 
========================================================================
Received Import Request.
  Time since last request: 3.605831 seconds.
  path: Assets/PirateShip.fbx
  artifactKey: Guid(3ec7c7b175c62d74eb9a977bad463bbd) Importer(815301076,1909f56bfc062723c751e8b465ee728b)
Start importing Assets/PirateShip.fbx using Guid(3ec7c7b175c62d74eb9a977bad463bbd) Importer(815301076,1909f56bfc062723c751e8b465ee728b)  -> (artifact id: '09338ea7b3dd47ae6617e8b0d1806ba7') in 0.024957 seconds 
========================================================================
Received Import Request.
  Time since last request: 19.320573 seconds.
  path: Assets/PirateShip.fbx
  artifactKey: Guid(3ec7c7b175c62d74eb9a977bad463bbd) Importer(815301076,1909f56bfc062723c751e8b465ee728b)
Start importing Assets/PirateShip.fbx using Guid(3ec7c7b175c62d74eb9a977bad463bbd) Importer(815301076,1909f56bfc062723c751e8b465ee728b)  -> (artifact id: 'b0bf98080ab3e59fcc4978b9d615199d') in 0.022875 seconds 
========================================================================
Received Import Request.
  Time since last request: 127.279217 seconds.
  path: Assets/Terrain
  artifactKey: Guid(68d359509c0915f40b94fb6296b9bc8f) Importer(815301076,1909f56bfc062723c751e8b465ee728b)
Start importing Assets/Terrain using Guid(68d359509c0915f40b94fb6296b9bc8f) Importer(815301076,1909f56bfc062723c751e8b465ee728b)  -> (artifact id: 'ca8f9cec1ed176e21df1a8997e25d8dc') in 0.007694 seconds 
========================================================================
Received Import Request.
  Time since last request: 68.476653 seconds.
  path: Assets/TerrainData_f539faaf-571a-41c8-95da-319a5346c551.asset
  artifactKey: Guid(04a8f4812bd49a148ba1eae966fde7c9) Importer(815301076,1909f56bfc062723c751e8b465ee728b)
Start importing Assets/TerrainData_f539faaf-571a-41c8-95da-319a5346c551.asset using Guid(04a8f4812bd49a148ba1eae966fde7c9) Importer(815301076,1909f56bfc062723c751e8b465ee728b)  -> (artifact id: '1f65d8eaa32e8191169180e09a50e986') in 0.016650 seconds 
========================================================================
Received Import Request.
  Time since last request: 0.678893 seconds.
  path: Assets/TerrainData_cc9c47f7-13ea-430f-805c-21c9e4516f86.asset
  artifactKey: Guid(4bcd0e8bea6b43d47a1de2a3a512b844) Importer(815301076,1909f56bfc062723c751e8b465ee728b)
Start importing Assets/TerrainData_cc9c47f7-13ea-430f-805c-21c9e4516f86.asset using Guid(4bcd0e8bea6b43d47a1de2a3a512b844) Importer(815301076,1909f56bfc062723c751e8b465ee728b)  -> (artifact id: '833a58f3832ed8f571655a5b73c90bf7') in 0.014650 seconds 
========================================================================
Received Import Request.
  Time since last request: 0.784384 seconds.
  path: Assets/TerrainData_c8b33c4f-10d3-490d-8875-43e130c62d23.asset
  artifactKey: Guid(d7ac6069bea13ed4f9e515bd70e367db) Importer(815301076,1909f56bfc062723c751e8b465ee728b)
Start importing Assets/TerrainData_c8b33c4f-10d3-490d-8875-43e130c62d23.asset using Guid(d7ac6069bea13ed4f9e515bd70e367db) Importer(815301076,1909f56bfc062723c751e8b465ee728b)  -> (artifact id: '77d123200d74bf8dbe96f34a2fef4db2') in 0.012128 seconds 
========================================================================
Received Import Request.
  Time since last request: 0.815582 seconds.
  path: Assets/TerrainData_dc4fd717-098a-40ce-ba77-24d73bbb4324.asset
  artifactKey: Guid(6cb98ebd529f24a4bbe810029de7a337) Importer(815301076,1909f56bfc062723c751e8b465ee728b)
Start importing Assets/TerrainData_dc4fd717-098a-40ce-ba77-24d73bbb4324.asset using Guid(6cb98ebd529f24a4bbe810029de7a337) Importer(815301076,1909f56bfc062723c751e8b465ee728b)  -> (artifact id: '239bf65fe6a00c2eb2d8f9af5f3e59d6') in 0.014399 seconds 
========================================================================
Received Import Request.
  Time since last request: 0.573117 seconds.
  path: Assets/TerrainData_c60a6c2b-9165-4411-bca9-b9c812038f7e.asset
  artifactKey: Guid(322a852f0d4a57548bf619150f4728d9) Importer(815301076,1909f56bfc062723c751e8b465ee728b)
Start importing Assets/TerrainData_c60a6c2b-9165-4411-bca9-b9c812038f7e.asset using Guid(322a852f0d4a57548bf619150f4728d9) Importer(815301076,1909f56bfc062723c751e8b465ee728b)  -> (artifact id: '407bd14c89af8a367ecbbbfc49a65845') in 0.015720 seconds 
========================================================================
Received Import Request.
  Time since last request: 1.077064 seconds.
  path: Assets/TerrainData_d07c4804-4931-4ea1-8790-5b871ab762ba.asset
  artifactKey: Guid(4f96f3d4fc26cdd43911b48cb8349833) Importer(815301076,1909f56bfc062723c751e8b465ee728b)
Start importing Assets/TerrainData_d07c4804-4931-4ea1-8790-5b871ab762ba.asset using Guid(4f96f3d4fc26cdd43911b48cb8349833) Importer(815301076,1909f56bfc062723c751e8b465ee728b)  -> (artifact id: 'f20b900e7d4effccdb7829f6c86ce519') in 0.016204 seconds 
========================================================================
Received Import Request.
  Time since last request: 0.834346 seconds.
  path: Assets/TerrainData_56e0b635-bf38-4be1-bf20-93264ae0e303.asset
  artifactKey: Guid(a86fc4bb767442c449c03a97b64ab6af) Importer(815301076,1909f56bfc062723c751e8b465ee728b)
Start importing Assets/TerrainData_56e0b635-bf38-4be1-bf20-93264ae0e303.asset using Guid(a86fc4bb767442c449c03a97b64ab6af) Importer(815301076,1909f56bfc062723c751e8b465ee728b)  -> (artifact id: '3c98684d35b524c95f513ccc88d9efd7') in 0.015851 seconds 
========================================================================
Received Import Request.
  Time since last request: 6.798915 seconds.
  path: Assets/TerrainData_4741b3e0-79d4-4436-8457-be4b6791eef3.asset
  artifactKey: Guid(bb43d0d0890eedb4494af1aadb6e4656) Importer(815301076,1909f56bfc062723c751e8b465ee728b)
Start importing Assets/TerrainData_4741b3e0-79d4-4436-8457-be4b6791eef3.asset using Guid(bb43d0d0890eedb4494af1aadb6e4656) Importer(815301076,1909f56bfc062723c751e8b465ee728b)  -> (artifact id: '7f181e5cbbc1698bf1acfe12393d1326') in 0.014779 seconds 
[usbmuxd] Attached: 2 00008030-001C2C540110402E
========================================================================
Received Import Request.
  Time since last request: 12495.222560 seconds.
  path: Assets/Models
  artifactKey: Guid(0c9cc3bd099b82540aa8316ccad84580) Importer(815301076,1909f56bfc062723c751e8b465ee728b)
Start importing Assets/Models using Guid(0c9cc3bd099b82540aa8316ccad84580) Importer(815301076,1909f56bfc062723c751e8b465ee728b)  -> (artifact id: '876f59ea29187d52e049ea84bc115e47') in 0.103708 seconds 
========================================================================
Received Import Request.
  Time since last request: 9.135886 seconds.
  path: Assets/Packages
  artifactKey: Guid(e2ede980c42003843b45194a63a0b9ef) Importer(815301076,1909f56bfc062723c751e8b465ee728b)
Start importing Assets/Packages using Guid(e2ede980c42003843b45194a63a0b9ef) Importer(815301076,1909f56bfc062723c751e8b465ee728b)  -> (artifact id: 'b36890c5a98c3baf0b69cb6f6d8fbf85') in 0.023312 seconds 
========================================================================
Received Import Request.
  Time since last request: 26.621800 seconds.
  path: Assets/Models/SteeringWheel
  artifactKey: Guid(ee454c7b7a3e2a444ada2a3ccf7658ae) Importer(815301076,1909f56bfc062723c751e8b465ee728b)
Start importing Assets/Models/SteeringWheel using Guid(ee454c7b7a3e2a444ada2a3ccf7658ae) Importer(815301076,1909f56bfc062723c751e8b465ee728b)  -> (artifact id: '8ec012bb488cb2ac3f5eab0df7dc836d') in 0.008069 seconds 
========================================================================
Received Import Request.
  Time since last request: 34.198467 seconds.
  path: Assets/Models/SteeringWheel/model.dae
  artifactKey: Guid(1c17fdd8cc4049d49871532545a334ef) Importer(815301076,1909f56bfc062723c751e8b465ee728b)
Start importing Assets/Models/SteeringWheel/model.dae using Guid(1c17fdd8cc4049d49871532545a334ef) Importer(815301076,1909f56bfc062723c751e8b465ee728b)  -> (artifact id: '6a67d52bac1b5f9999aebe3a00c357aa') in 3.214716 seconds 
========================================================================
Received Import Request.
  Time since last request: 16.648658 seconds.
  path: Assets/Models/SteeringWheel/model.dae
  artifactKey: Guid(1c17fdd8cc4049d49871532545a334ef) Importer(815301076,1909f56bfc062723c751e8b465ee728b)
Start importing Assets/Models/SteeringWheel/model.dae using Guid(1c17fdd8cc4049d49871532545a334ef) Importer(815301076,1909f56bfc062723c751e8b465ee728b)  -> (artifact id: '4a2235b4aca04f2a4660380219255a05') in 0.125288 seconds 
========================================================================
Received Import Request.
  Time since last request: 7.201079 seconds.
  path: Assets/Models/SteeringWheel/model.dae
  artifactKey: Guid(1c17fdd8cc4049d49871532545a334ef) Importer(815301076,1909f56bfc062723c751e8b465ee728b)
Start importing Assets/Models/SteeringWheel/model.dae using Guid(1c17fdd8cc4049d49871532545a334ef) Importer(815301076,1909f56bfc062723c751e8b465ee728b)  -> (artifact id: '81c3bbeef72ee68505adc8b60d165b48') in 0.091219 seconds 
========================================================================
Received Import Request.
  Time since last request: 3.958219 seconds.
  path: Assets/Models/SteeringWheel/textures
  artifactKey: Guid(6f983fa7ad7a9534aaa4e849a2d33a09) Importer(815301076,1909f56bfc062723c751e8b465ee728b)
Start importing Assets/Models/SteeringWheel/textures using Guid(6f983fa7ad7a9534aaa4e849a2d33a09) Importer(815301076,1909f56bfc062723c751e8b465ee728b)  -> (artifact id: '0460b32b0ddc0b7292ccbfdbf68db947') in 0.007519 seconds 
========================================================================
Received Import Request.
  Time since last request: 0.023776 seconds.
  path: Assets/Models/SteeringWheel/textures/Mat_3_1001.mat
  artifactKey: Guid(65162ccc6a39cbc4d8e8dfad63c1ba2f) Importer(815301076,1909f56bfc062723c751e8b465ee728b)
Start importing Assets/Models/SteeringWheel/textures/Mat_3_1001.mat using Guid(65162ccc6a39cbc4d8e8dfad63c1ba2f) Importer(815301076,1909f56bfc062723c751e8b465ee728b)  -> (artifact id: '64823e4be1ceaf413943c216a8df7dab') in 0.021425 seconds 
========================================================================
Received Import Request.
  Time since last request: 0.000036 seconds.
  path: Assets/Models/SteeringWheel/textures/Mat_1001_AO.jpg
  artifactKey: Guid(2a02fd5e56044a3439f6e37dbe3fb086) Importer(815301076,1909f56bfc062723c751e8b465ee728b)
Start importing Assets/Models/SteeringWheel/textures/Mat_1001_AO.jpg using Guid(2a02fd5e56044a3439f6e37dbe3fb086) Importer(815301076,1909f56bfc062723c751e8b465ee728b)  -> (artifact id: '6afdec1747a00ce1a1450ac1cf3c5502') in 0.329118 seconds 
========================================================================
Received Import Request.
  Time since last request: 0.000037 seconds.
  path: Assets/Models/SteeringWheel/textures/Wheel_Ring_1001_metallic.jpg
  artifactKey: Guid(9ead05ea135faf54d9db06f2234d3b4a) Importer(815301076,1909f56bfc062723c751e8b465ee728b)
Start importing Assets/Models/SteeringWheel/textures/Wheel_Ring_1001_metallic.jpg using Guid(9ead05ea135faf54d9db06f2234d3b4a) Importer(815301076,1909f56bfc062723c751e8b465ee728b)  -> (artifact id: '7552f2aee3769ecfa1b3802ee765bf15') in 0.039205 seconds 
========================================================================
Received Import Request.
  Time since last request: 0.000043 seconds.
  path: Assets/Models/SteeringWheel/textures/Wheel_Ring_1001_albedo.jpg
  artifactKey: Guid(d3850dd9bada4f542b83849068cafb88) Importer(815301076,1909f56bfc062723c751e8b465ee728b)
Start importing Assets/Models/SteeringWheel/textures/Wheel_Ring_1001_albedo.jpg using Guid(d3850dd9bada4f542b83849068cafb88) Importer(815301076,1909f56bfc062723c751e8b465ee728b)  -> (artifact id: 'f5799577e26e07f489126c70f0019086') in 0.021433 seconds 
========================================================================
Received Import Request.
  Time since last request: 0.000454 seconds.
  path: Assets/Models/SteeringWheel/textures/Mat_3_1001_metallic.jpg
  artifactKey: Guid(78174f509a84c5f478ef87d601c58afb) Importer(815301076,1909f56bfc062723c751e8b465ee728b)
Start importing Assets/Models/SteeringWheel/textures/Mat_3_1001_metallic.jpg using Guid(78174f509a84c5f478ef87d601c58afb) Importer(815301076,1909f56bfc062723c751e8b465ee728b)  -> (artifact id: '69b1cbd88f60b267a3c7b7618bb081fe') in 0.018410 seconds 
========================================================================
Received Import Request.
  Time since last request: 0.000060 seconds.
  path: Assets/Models/SteeringWheel/textures/Mat_3_1001_normal.png
  artifactKey: Guid(d144f770d6148de4d9a50ad9f8a2b279) Importer(815301076,1909f56bfc062723c751e8b465ee728b)
Start importing Assets/Models/SteeringWheel/textures/Mat_3_1001_normal.png using Guid(d144f770d6148de4d9a50ad9f8a2b279) Importer(815301076,1909f56bfc062723c751e8b465ee728b)  -> (artifact id: 'ec65fb4257600d20f6a1bdad6ec702b1') in 0.020658 seconds 
========================================================================
Received Import Request.
  Time since last request: 0.000036 seconds.
  path: Assets/Models/SteeringWheel/textures/Mat_3_1001_albedo.jpg
  artifactKey: Guid(0c9fa70225b5fcb418a8a39f53a70ca7) Importer(815301076,1909f56bfc062723c751e8b465ee728b)
Start importing Assets/Models/SteeringWheel/textures/Mat_3_1001_albedo.jpg using Guid(0c9fa70225b5fcb418a8a39f53a70ca7) Importer(815301076,1909f56bfc062723c751e8b465ee728b)  -> (artifact id: '400802912ccb69d39b56448e144f7d87') in 0.041152 seconds 
========================================================================
Received Import Request.
  Time since last request: 0.000058 seconds.
  path: Assets/Models/SteeringWheel/textures/Mat_3_1001_roughness.jpg
  artifactKey: Guid(cf1e52330b60bcc4da6e3dfaeb876c45) Importer(815301076,1909f56bfc062723c751e8b465ee728b)
Start importing Assets/Models/SteeringWheel/textures/Mat_3_1001_roughness.jpg using Guid(cf1e52330b60bcc4da6e3dfaeb876c45) Importer(815301076,1909f56bfc062723c751e8b465ee728b)  -> (artifact id: '6be7e61d4052f00b99f73423269b02ae') in 0.032915 seconds 
========================================================================
Received Import Request.
  Time since last request: 0.000038 seconds.
  path: Assets/Models/SteeringWheel/textures/Spokes_Wood_1001.mat
  artifactKey: Guid(d3b16bb1f4c13244ba8b695db75f635f) Importer(815301076,1909f56bfc062723c751e8b465ee728b)
Start importing Assets/Models/SteeringWheel/textures/Spokes_Wood_1001.mat using Guid(d3b16bb1f4c13244ba8b695db75f635f) Importer(815301076,1909f56bfc062723c751e8b465ee728b)  -> (artifact id: '655bd128f0082a25f58334bc1151ea98') in 0.013917 seconds 
========================================================================
Received Import Request.
  Time since last request: 0.000058 seconds.
  path: Assets/Models/SteeringWheel/textures/Mat_1001_metallic.jpg
  artifactKey: Guid(5501b5c44512a7a44a6473f7a75c3543) Importer(815301076,1909f56bfc062723c751e8b465ee728b)
Start importing Assets/Models/SteeringWheel/textures/Mat_1001_metallic.jpg using Guid(5501b5c44512a7a44a6473f7a75c3543) Importer(815301076,1909f56bfc062723c751e8b465ee728b)  -> (artifact id: '62644e4bf98cb972d8bca1c62ea27143') in 0.035934 seconds 
========================================================================
Received Import Request.
  Time since last request: 0.000039 seconds.
  path: Assets/Models/SteeringWheel/textures/Mat_3_1001_AO.jpg
  artifactKey: Guid(faec711c6a242bb48ab7768e5afa23da) Importer(815301076,1909f56bfc062723c751e8b465ee728b)
Start importing Assets/Models/SteeringWheel/textures/Mat_3_1001_AO.jpg using Guid(faec711c6a242bb48ab7768e5afa23da) Importer(815301076,1909f56bfc062723c751e8b465ee728b)  -> (artifact id: '5bff97e4081aeb3e9a093fe88a513786') in 0.039072 seconds 
========================================================================
Received Import Request.
  Time since last request: 0.000026 seconds.
  path: Assets/Models/SteeringWheel/textures/Mat_1001_albedo.jpg
  artifactKey: Guid(6606ffa3336450a4996c115940c981c2) Importer(815301076,1909f56bfc062723c751e8b465ee728b)
Start importing Assets/Models/SteeringWheel/textures/Mat_1001_albedo.jpg using Guid(6606ffa3336450a4996c115940c981c2) Importer(815301076,1909f56bfc062723c751e8b465ee728b)  -> (artifact id: 'f5eb238bcd3f27fee6db817da3004685') in 0.021694 seconds 
========================================================================
Received Import Request.
  Time since last request: 0.000099 seconds.
  path: Assets/Models/SteeringWheel/textures/Mat_1001_normal.png
  artifactKey: Guid(de74db576b068514b981fd844fb57b08) Importer(815301076,1909f56bfc062723c751e8b465ee728b)
Start importing Assets/Models/SteeringWheel/textures/Mat_1001_normal.png using Guid(de74db576b068514b981fd844fb57b08) Importer(815301076,1909f56bfc062723c751e8b465ee728b)  -> (artifact id: 'f1edb4e19c18eba8a405094994497b36') in 0.040652 seconds 
========================================================================
Received Import Request.
  Time since last request: 0.000071 seconds.
  path: Assets/Models/SteeringWheel/textures/Spokes_Wood_1001_roughness.jpg
  artifactKey: Guid(2ccbb03219cf87544abcfe8c2070f65e) Importer(815301076,1909f56bfc062723c751e8b465ee728b)
Start importing Assets/Models/SteeringWheel/textures/Spokes_Wood_1001_roughness.jpg using Guid(2ccbb03219cf87544abcfe8c2070f65e) Importer(815301076,1909f56bfc062723c751e8b465ee728b)  -> (artifact id: 'a56f8e64e99cc2a3b4d76e0858f01b86') in 0.021481 seconds 
========================================================================
Received Import Request.
  Time since last request: 0.000032 seconds.
  path: Assets/Models/SteeringWheel/textures/Wheel_Ring_1001.mat
  artifactKey: Guid(13cbab41134beea4f93c44463974988c) Importer(815301076,1909f56bfc062723c751e8b465ee728b)
Start importing Assets/Models/SteeringWheel/textures/Wheel_Ring_1001.mat using Guid(13cbab41134beea4f93c44463974988c) Importer(815301076,1909f56bfc062723c751e8b465ee728b)  -> (artifact id: '4a23331e1503f9c88bfb576469215727') in 0.021163 seconds 
========================================================================
Received Import Request.
  Time since last request: 0.000050 seconds.
  path: Assets/Models/SteeringWheel/textures/Spokes_Wood_1001_normal.png
  artifactKey: Guid(436d22e39d29e5347baf0dac301914e8) Importer(815301076,1909f56bfc062723c751e8b465ee728b)
Start importing Assets/Models/SteeringWheel/textures/Spokes_Wood_1001_normal.png using Guid(436d22e39d29e5347baf0dac301914e8) Importer(815301076,1909f56bfc062723c751e8b465ee728b)  -> (artifact id: '65f746ebbb8b5063e093ec8c731db418') in 0.023470 seconds 
========================================================================
Received Import Request.
  Time since last request: 0.000031 seconds.
  path: Assets/Models/SteeringWheel/textures/Spokes_Wood_1001_albedo.jpg
  artifactKey: Guid(658c144133c2ad246af213babb758a0a) Importer(815301076,1909f56bfc062723c751e8b465ee728b)
Start importing Assets/Models/SteeringWheel/textures/Spokes_Wood_1001_albedo.jpg using Guid(658c144133c2ad246af213babb758a0a) Importer(815301076,1909f56bfc062723c751e8b465ee728b)  -> (artifact id: '9c3fa2cbf9973dc5bcf30c7f61934609') in 0.023335 seconds 
========================================================================
Received Import Request.
  Time since last request: 0.000045 seconds.
  path: Assets/Models/SteeringWheel/textures/Mat_1001.mat
  artifactKey: Guid(bdd5fe96958f7414a9e0eaf85161bf04) Importer(815301076,1909f56bfc062723c751e8b465ee728b)
Start importing Assets/Models/SteeringWheel/textures/Mat_1001.mat using Guid(bdd5fe96958f7414a9e0eaf85161bf04) Importer(815301076,1909f56bfc062723c751e8b465ee728b)  -> (artifact id: '531d399e44fab1bae5c206f9daf0fb5e') in 0.020804 seconds 
========================================================================
Received Import Request.
  Time since last request: 0.000034 seconds.
  path: Assets/Models/SteeringWheel/textures/Mat_1001_roughness.jpg
  artifactKey: Guid(5f37a4ec27039f84fbc302da38fef409) Importer(815301076,1909f56bfc062723c751e8b465ee728b)
Start importing Assets/Models/SteeringWheel/textures/Mat_1001_roughness.jpg using Guid(5f37a4ec27039f84fbc302da38fef409) Importer(815301076,1909f56bfc062723c751e8b465ee728b)  -> (artifact id: 'e384fb4b1f88274be276974b0b21358f') in 0.024455 seconds 
========================================================================
Received Import Request.
  Time since last request: 0.000061 seconds.
  path: Assets/Models/SteeringWheel/textures/Spokes_Wood_1001_AO.jpg
  artifactKey: Guid(d7849184865faac4bab75f927a22b5c5) Importer(815301076,1909f56bfc062723c751e8b465ee728b)
Start importing Assets/Models/SteeringWheel/textures/Spokes_Wood_1001_AO.jpg using Guid(d7849184865faac4bab75f927a22b5c5) Importer(815301076,1909f56bfc062723c751e8b465ee728b)  -> (artifact id: '723fd70e752940b8d2f997c100e60fd3') in 0.021478 seconds 
========================================================================
Received Import Request.
  Time since last request: 0.000030 seconds.
  path: Assets/Models/SteeringWheel/textures/Spokes_Wood_1001_metallic.jpg
  artifactKey: Guid(af09db5c4b6a1374ab75e5c731c88de8) Importer(815301076,1909f56bfc062723c751e8b465ee728b)
Start importing Assets/Models/SteeringWheel/textures/Spokes_Wood_1001_metallic.jpg using Guid(af09db5c4b6a1374ab75e5c731c88de8) Importer(815301076,1909f56bfc062723c751e8b465ee728b)  -> (artifact id: '5e1322813cde076a5779d7a8ecc5b7f4') in 0.020018 seconds 
========================================================================
Received Import Request.
  Time since last request: 0.000025 seconds.
  path: Assets/Models/SteeringWheel/textures/Wheel_Ring_1001_normal.png
  artifactKey: Guid(43c3b3fa8829ffc46a9711f11cabde88) Importer(815301076,1909f56bfc062723c751e8b465ee728b)
Start importing Assets/Models/SteeringWheel/textures/Wheel_Ring_1001_normal.png using Guid(43c3b3fa8829ffc46a9711f11cabde88) Importer(815301076,1909f56bfc062723c751e8b465ee728b)  -> (artifact id: '3a93a228ed8b3dc16db21574cb28816d') in 0.024138 seconds 
========================================================================
Received Import Request.
  Time since last request: 0.000052 seconds.
  path: Assets/Models/SteeringWheel/textures/Wheel_Ring_1001_AO.jpg
  artifactKey: Guid(7b6d5da37cccc494c869bbb0eeb7a82e) Importer(815301076,1909f56bfc062723c751e8b465ee728b)
Start importing Assets/Models/SteeringWheel/textures/Wheel_Ring_1001_AO.jpg using Guid(7b6d5da37cccc494c869bbb0eeb7a82e) Importer(815301076,1909f56bfc062723c751e8b465ee728b)  -> (artifact id: '2537f8f192f7095d9a31d617473e098e') in 0.020460 seconds 
========================================================================
Received Import Request.
  Time since last request: 0.000028 seconds.
  path: Assets/Models/SteeringWheel/textures/Wheel_Ring_1001_roughness.jpg
  artifactKey: Guid(071d22018607a7c42ac04336b8944fa2) Importer(815301076,1909f56bfc062723c751e8b465ee728b)
Start importing Assets/Models/SteeringWheel/textures/Wheel_Ring_1001_roughness.jpg using Guid(071d22018607a7c42ac04336b8944fa2) Importer(815301076,1909f56bfc062723c751e8b465ee728b)  -> (artifact id: 'd8e7ee7f0df294b9d9becacbc15add44') in 0.021460 seconds 
========================================================================
Received Import Request.
  Time since last request: 36.512037 seconds.
  path: Assets/Models/SteeringWheel/textures/Mat_3_1001_normal.png
  artifactKey: Guid(d144f770d6148de4d9a50ad9f8a2b279) Importer(815301076,1909f56bfc062723c751e8b465ee728b)
Start importing Assets/Models/SteeringWheel/textures/Mat_3_1001_normal.png using Guid(d144f770d6148de4d9a50ad9f8a2b279) Importer(815301076,1909f56bfc062723c751e8b465ee728b)  -> (artifact id: 'a157e024807c47a244cde9c430c8e2b9') in 0.046207 seconds 
========================================================================
Received Import Request.
  Time since last request: 23.527209 seconds.
  path: Assets/Models/SteeringWheel/textures/Mat_1001_normal.png
  artifactKey: Guid(de74db576b068514b981fd844fb57b08) Importer(815301076,1909f56bfc062723c751e8b465ee728b)
Start importing Assets/Models/SteeringWheel/textures/Mat_1001_normal.png using Guid(de74db576b068514b981fd844fb57b08) Importer(815301076,1909f56bfc062723c751e8b465ee728b)  -> (artifact id: 'e98d373ba6f4be695d772ed6733cad03') in 0.017298 seconds 
========================================================================
Received Import Request.
  Time since last request: 15.335048 seconds.
  path: Assets/Models/SteeringWheel/textures/Spokes_Wood_1001_normal.png
  artifactKey: Guid(436d22e39d29e5347baf0dac301914e8) Importer(815301076,1909f56bfc062723c751e8b465ee728b)
Start importing Assets/Models/SteeringWheel/textures/Spokes_Wood_1001_normal.png using Guid(436d22e39d29e5347baf0dac301914e8) Importer(815301076,1909f56bfc062723c751e8b465ee728b)  -> (artifact id: '0af7e17ce7ad6ee92ce8256adcbad6bf') in 0.033563 seconds 
========================================================================
Received Import Request.
  Time since last request: 10.091997 seconds.
  path: Assets/Models/SteeringWheel/textures/Wheel_Ring_1001_normal.png
  artifactKey: Guid(43c3b3fa8829ffc46a9711f11cabde88) Importer(815301076,1909f56bfc062723c751e8b465ee728b)
Start importing Assets/Models/SteeringWheel/textures/Wheel_Ring_1001_normal.png using Guid(43c3b3fa8829ffc46a9711f11cabde88) Importer(815301076,1909f56bfc062723c751e8b465ee728b)  -> (artifact id: '366b3af224772fbb619c7938f804474a') in 0.017420 seconds 
========================================================================
Received Import Request.
  Time since last request: 19.652206 seconds.
  path: Assets/Models/SteeringWheel/model.dae
  artifactKey: Guid(1c17fdd8cc4049d49871532545a334ef) Importer(815301076,1909f56bfc062723c751e8b465ee728b)
Start importing Assets/Models/SteeringWheel/model.dae using Guid(1c17fdd8cc4049d49871532545a334ef) Importer(815301076,1909f56bfc062723c751e8b465ee728b)  -> (artifact id: '4160807b36aabb46f630df7844021b3c') in 0.097142 seconds 
========================================================================
Received Import Request.
  Time since last request: 13.017909 seconds.
  path: Assets/Models/SteeringWheel/model.dae
  artifactKey: Guid(1c17fdd8cc4049d49871532545a334ef) Importer(815301076,1909f56bfc062723c751e8b465ee728b)
Start importing Assets/Models/SteeringWheel/model.dae using Guid(1c17fdd8cc4049d49871532545a334ef) Importer(815301076,1909f56bfc062723c751e8b465ee728b)  -> (artifact id: '32737a29837de07614389b7f0280aa2f') in 0.083535 seconds 
========================================================================
Received Import Request.
  Time since last request: 13.368770 seconds.
  path: Assets/Models/SteeringWheel/model.dae
  artifactKey: Guid(1c17fdd8cc4049d49871532545a334ef) Importer(815301076,1909f56bfc062723c751e8b465ee728b)
Start importing Assets/Models/SteeringWheel/model.dae using Guid(1c17fdd8cc4049d49871532545a334ef) Importer(815301076,1909f56bfc062723c751e8b465ee728b)  -> (artifact id: '0517ba64f35905db4411041b3d82c888') in 0.083641 seconds 
========================================================================
Received Import Request.
  Time since last request: 11.182388 seconds.
  path: Assets/Models/SteeringWheel/model.dae
  artifactKey: Guid(1c17fdd8cc4049d49871532545a334ef) Importer(815301076,1909f56bfc062723c751e8b465ee728b)
Start importing Assets/Models/SteeringWheel/model.dae using Guid(1c17fdd8cc4049d49871532545a334ef) Importer(815301076,1909f56bfc062723c751e8b465ee728b)  -> (artifact id: '448555442d866201877a3ac42d31b64e') in 0.088850 seconds 
========================================================================
Received Import Request.
  Time since last request: 3.647051 seconds.
  path: Assets/Models/SteeringWheel/model.dae
  artifactKey: Guid(1c17fdd8cc4049d49871532545a334ef) Importer(815301076,1909f56bfc062723c751e8b465ee728b)
Start importing Assets/Models/SteeringWheel/model.dae using Guid(1c17fdd8cc4049d49871532545a334ef) Importer(815301076,1909f56bfc062723c751e8b465ee728b)  -> (artifact id: 'f3aadf3c0a62b0a5f7dc99cca94449c4') in 0.114627 seconds 
========================================================================
Received Import Request.
  Time since last request: 4.940059 seconds.
  path: Assets/Models/SteeringWheel/model.dae
  artifactKey: Guid(1c17fdd8cc4049d49871532545a334ef) Importer(815301076,1909f56bfc062723c751e8b465ee728b)
Start importing Assets/Models/SteeringWheel/model.dae using Guid(1c17fdd8cc4049d49871532545a334ef) Importer(815301076,1909f56bfc062723c751e8b465ee728b)  -> (artifact id: 'a248e951f0ebbe4a265ca14db5cc3ca0') in 0.086837 seconds 
========================================================================
Received Import Request.
  Time since last request: 11.881923 seconds.
  path: Assets/Models/SteeringWheel/model.dae
  artifactKey: Guid(1c17fdd8cc4049d49871532545a334ef) Importer(815301076,1909f56bfc062723c751e8b465ee728b)
Start importing Assets/Models/SteeringWheel/model.dae using Guid(1c17fdd8cc4049d49871532545a334ef) Importer(815301076,1909f56bfc062723c751e8b465ee728b)  -> (artifact id: 'c43ba8f03693ba03e7f41160c07a80b4') in 0.084134 seconds 
========================================================================
Received Import Request.
  Time since last request: 26.412520 seconds.
  path: Assets/Models/SteeringWheel/model.dae
  artifactKey: Guid(1c17fdd8cc4049d49871532545a334ef) Importer(815301076,1909f56bfc062723c751e8b465ee728b)
Start importing Assets/Models/SteeringWheel/model.dae using Guid(1c17fdd8cc4049d49871532545a334ef) Importer(815301076,1909f56bfc062723c751e8b465ee728b)  -> (artifact id: 'b118c2cf8a0f2c4f1184717f1a2db8e2') in 0.083908 seconds 
========================================================================
Received Import Request.
  Time since last request: 655.951881 seconds.
  path: Assets/Models/SteeringWheel/model.dae
  artifactKey: Guid(1c17fdd8cc4049d49871532545a334ef) Importer(815301076,1909f56bfc062723c751e8b465ee728b)
Start importing Assets/Models/SteeringWheel/model.dae using Guid(1c17fdd8cc4049d49871532545a334ef) Importer(815301076,1909f56bfc062723c751e8b465ee728b)  -> (artifact id: '1c149368681e056c12474f9592e3fc14') in 3.519209 seconds 
========================================================================
Received Import Request.
  Time since last request: 0.000045 seconds.
  path: Assets/Models/SteeringWheel/model.dae
  artifactKey: Guid(1c17fdd8cc4049d49871532545a334ef) Importer(815301076,1909f56bfc062723c751e8b465ee728b)
Start importing Assets/Models/SteeringWheel/model.dae using Guid(1c17fdd8cc4049d49871532545a334ef) Importer(815301076,1909f56bfc062723c751e8b465ee728b)  -> (artifact id: '128282b62ecc38ba843793086b1c6b95') in 0.180800 seconds 
